<?xml version="1.0" encoding="UTF-8"?>
<!-- Generated by org.testng.reporters.JUnitReportReporter -->
<testsuite skipped="0" hostname="LAPTOP-S9IOA6T6" name="login.Tc_02_Test" tests="1" failures="0" timestamp="2023-07-15T16:49:21 IST" time="1.669" errors="0">
  <testcase name="tc" time="1.669" classname="login.Tc_02_Test"/>
  <system-out/>
</testsuite> <!-- login.Tc_02_Test -->
