<?xml version="1.0" encoding="UTF-8"?>
<!-- Generated by org.testng.reporters.JUnitReportReporter -->
<testsuite skipped="0" hostname="LAPTOP-S9IOA6T6" name="login.TC_01_Test" tests="1" failures="0" timestamp="2023-07-15T16:49:21 IST" time="0.818" errors="0">
  <testcase name="tc" time="0.818" classname="login.TC_01_Test"/>
  <system-out/>
</testsuite> <!-- login.TC_01_Test -->
